{
  "RSpec": {
    "coverage": {
      "/app-for-try-rails/app/models/user.rb": {
        "lines": [
          1,
          null,
          null,
          1,
          null,
          null
        ]
      },
      "/app-for-try-rails/app/models/application_record.rb": {
        "lines": [
          1,
          1,
          null
        ]
      },
      "/app-for-try-rails/app/helpers/api/postal_code_search_helper.rb": {
        "lines": [
          1,
          null
        ]
      },
      "/app-for-try-rails/app/helpers/application_helper.rb": {
        "lines": [
          1,
          1,
          0,
          null,
          null,
          1,
          0,
          null,
          null
        ]
      },
      "/app-for-try-rails/app/helpers/bootstrap_helper.rb": {
        "lines": [
          1,
          1,
          0,
          null,
          null,
          null,
          null,
          null,
          null,
          null,
          1,
          0,
          null,
          null,
          null,
          null,
          null,
          1,
          0,
          null,
          null,
          null,
          null,
          null,
          null
        ]
      },
      "/app-for-try-rails/app/helpers/comics_helper.rb": {
        "lines": [
          1,
          null
        ]
      },
      "/app-for-try-rails/app/helpers/hoge/posts_helper.rb": {
        "lines": [
          1,
          null
        ]
      },
      "/app-for-try-rails/app/helpers/posts_helper.rb": {
        "lines": [
          1,
          null
        ]
      },
      "/app-for-try-rails/app/models/area.rb": {
        "lines": [
          1,
          1,
          null,
          1,
          null
        ]
      },
      "/app-for-try-rails/app/models/comic.rb": {
        "lines": [
          1,
          1,
          null,
          1,
          1,
          1,
          null,
          null
        ]
      },
      "/app-for-try-rails/app/models/food_form.rb": {
        "lines": [
          1,
          1,
          1,
          1,
          null,
          1,
          null,
          1,
          6,
          6,
          6,
          0,
          null,
          6,
          null,
          null,
          null,
          1,
          6,
          6,
          6,
          18,
          null,
          6,
          null,
          6,
          null,
          6,
          null,
          null,
          1,
          0,
          0,
          0,
          0,
          0,
          null,
          0,
          null,
          null,
          0,
          null,
          0,
          0,
          null,
          0,
          null,
          null,
          1,
          null,
          1,
          0,
          0,
          null,
          0,
          0,
          null,
          null,
          null,
          1,
          6,
          24,
          null,
          0,
          null,
          null,
          null,
          1,
          0,
          0,
          null,
          0,
          null,
          null,
          null,
          0,
          null,
          0,
          null,
          null,
          null,
          1,
          null,
          null,
          18,
          1,
          null,
          17,
          null,
          null,
          null
        ]
      },
      "/app-for-try-rails/app/models/food.rb": {
        "lines": [
          1,
          1,
          1,
          1,
          null,
          1,
          null
        ]
      },
      "/app-for-try-rails/app/models/postal_code_search.rb": {
        "lines": [
          null,
          1,
          1,
          null,
          1,
          null,
          1,
          0,
          null,
          0,
          0,
          0,
          0,
          0,
          null,
          0,
          null,
          null,
          null,
          1,
          0,
          null,
          0,
          0,
          0,
          null,
          0,
          null,
          null
        ]
      },
      "/app-for-try-rails/app/models/tweet_image.rb": {
        "lines": [
          1,
          1,
          1,
          null,
          1,
          null,
          1,
          null,
          1,
          null,
          1,
          3,
          null,
          1,
          null,
          null
        ]
      },
      "/app-for-try-rails/app/models/tweet.rb": {
        "lines": [
          1,
          1,
          1,
          null,
          1,
          null,
          1,
          null,
          1,
          null,
          null,
          null,
          1,
          null,
          1,
          null,
          1,
          null,
          null,
          1,
          null,
          0,
          null,
          null
        ]
      },
      "/app-for-try-rails/app/models/tweet_tag.rb": {
        "lines": [
          1,
          1,
          null,
          1,
          null
        ]
      },
      "/app-for-try-rails/app/models/tag.rb": {
        "lines": [
          1,
          1,
          1,
          null,
          1,
          null
        ]
      },
      "/app-for-try-rails/app/models/food_tag.rb": {
        "lines": [
          1,
          1,
          1,
          null,
          1,
          null
        ]
      },
      "/app-for-try-rails/app/controllers/comics_controller.rb": {
        "lines": [
          1,
          1,
          4,
          null,
          null,
          1,
          0,
          null,
          null,
          1,
          0,
          0,
          0,
          null,
          0,
          null,
          null,
          null,
          1,
          0,
          null,
          null,
          1,
          0,
          0,
          0,
          null,
          0,
          null,
          null,
          null,
          1,
          null,
          1,
          0,
          null,
          null
        ]
      },
      "/app-for-try-rails/app/controllers/application_controller.rb": {
        "lines": [
          1,
          null
        ]
      },
      "/app-for-try-rails/app/models/genre.rb": {
        "lines": [
          1,
          1,
          null
        ]
      },
      "/app-for-try-rails/app/channels/application_cable/channel.rb": {
        "lines": [
          0,
          0,
          0,
          0
        ],
        "branches": {
        }
      },
      "/app-for-try-rails/app/channels/application_cable/connection.rb": {
        "lines": [
          0,
          0,
          0,
          0
        ],
        "branches": {
        }
      },
      "/app-for-try-rails/app/controllers/api/postal_code_search_controller.rb": {
        "lines": [
          0,
          0,
          0,
          null,
          0,
          0,
          0,
          0,
          0,
          0,
          0,
          0
        ],
        "branches": {
        }
      },
      "/app-for-try-rails/app/controllers/areas/foods_controller.rb": {
        "lines": [
          0,
          0,
          0,
          null,
          0,
          0,
          0,
          null,
          0,
          0,
          0,
          0,
          0,
          0,
          0,
          0,
          null,
          0,
          0,
          0,
          null,
          0,
          0,
          0,
          0,
          0,
          null,
          null,
          null,
          0,
          0,
          0,
          null,
          0,
          null,
          0,
          0,
          0,
          null,
          0,
          0,
          0,
          0,
          0
        ],
        "branches": {
        }
      },
      "/app-for-try-rails/app/controllers/areas_controller.rb": {
        "lines": [
          0,
          0,
          null,
          null,
          0,
          0,
          0,
          null,
          null,
          0,
          null,
          null,
          0,
          0,
          0,
          null,
          null,
          0,
          null,
          null,
          0,
          0,
          null,
          0,
          0,
          0,
          0,
          0,
          0,
          0,
          0,
          0,
          0,
          null,
          null,
          0,
          0,
          0,
          0,
          0,
          0,
          0,
          0,
          0,
          0,
          0,
          null,
          null,
          0,
          0,
          null,
          0,
          0,
          0,
          0,
          0,
          null,
          0,
          null,
          null,
          0,
          0,
          0,
          null,
          null,
          0,
          0,
          0,
          0
        ],
        "branches": {
        }
      },
      "/app-for-try-rails/app/controllers/hoge/posts_controller.rb": {
        "lines": [
          0,
          0,
          0,
          0,
          0
        ],
        "branches": {
        }
      },
      "/app-for-try-rails/app/controllers/posts_controller.rb": {
        "lines": [
          0,
          0,
          null,
          0,
          0,
          0,
          0,
          0,
          0,
          null,
          0,
          null,
          0,
          0,
          0,
          0,
          null,
          0,
          0,
          0,
          0,
          null,
          0,
          0,
          0,
          0,
          null,
          0,
          0,
          0,
          0,
          0,
          null,
          0,
          0,
          null,
          0,
          0,
          0,
          null,
          0,
          0,
          0,
          0,
          0,
          0,
          null,
          0,
          null,
          null,
          0,
          0,
          0,
          0,
          0,
          0,
          null,
          0,
          0,
          0,
          null,
          null,
          0,
          0,
          0,
          null,
          0,
          0,
          0,
          0,
          null,
          null,
          0,
          0,
          null,
          0,
          0,
          0,
          0,
          0,
          0,
          0,
          0
        ],
        "branches": {
        }
      },
      "/app-for-try-rails/app/controllers/tweets_controller.rb": {
        "lines": [
          0,
          0,
          0,
          null,
          0,
          0,
          0,
          0,
          0,
          null,
          0,
          null,
          0,
          0,
          0,
          0,
          0,
          0,
          0,
          0,
          0,
          null,
          0,
          null,
          0,
          0,
          0,
          0,
          0,
          0,
          0,
          0,
          null,
          0,
          null,
          0,
          0,
          0,
          0,
          0,
          0,
          0,
          0,
          0,
          null,
          null,
          null,
          null,
          0,
          0,
          0,
          null,
          null,
          null,
          null,
          0,
          0,
          0,
          0
        ],
        "branches": {
        }
      },
      "/app-for-try-rails/app/jobs/application_job.rb": {
        "lines": [
          0,
          null,
          null,
          null,
          null,
          null,
          0
        ],
        "branches": {
        }
      },
      "/app-for-try-rails/app/mailers/application_mailer.rb": {
        "lines": [
          0,
          0,
          0,
          0
        ],
        "branches": {
        }
      },
      "/app-for-try-rails/app/mailers/sample_mailer.rb": {
        "lines": [
          0,
          0,
          0,
          0,
          0,
          0,
          0
        ],
        "branches": {
        }
      },
      "/app-for-try-rails/app/models/comic_genre_form.rb": {
        "lines": [
          0,
          0,
          0,
          0,
          null,
          null,
          0,
          null,
          0,
          0,
          0,
          null,
          null,
          0,
          0,
          0,
          0,
          0,
          0,
          0,
          0,
          0,
          null,
          0,
          0,
          0,
          0,
          0,
          null,
          0,
          0,
          0,
          0,
          null,
          null,
          0,
          0,
          0,
          0,
          null,
          0,
          0,
          0,
          0,
          null,
          0,
          0,
          0,
          null,
          0,
          0,
          0,
          0,
          0
        ],
        "branches": {
        }
      },
      "/app-for-try-rails/app/models/post.rb": {
        "lines": [
          0,
          0,
          0,
          null,
          0,
          0,
          0,
          0,
          null,
          0,
          0,
          0,
          0,
          0,
          0,
          0,
          null,
          0,
          0,
          0,
          0,
          0,
          0,
          0,
          null,
          0,
          0,
          null,
          0,
          0,
          0,
          null,
          0,
          0,
          null,
          0,
          0,
          0,
          null,
          0,
          0,
          0,
          0
        ],
        "branches": {
        }
      }
    },
    "timestamp": 1779864083
  }
}
